2020-05-21 11:24:27,405 INFO [root] [__init__.py(<module>:8)] -测试日志是否会打印!
2020-05-21 11:24:28,804 INFO [root] [test_ihrm_login.py(test01_login_success:24)] -登录的结果为:
2020-05-21 11:24:28,873 INFO [root] [test_ihrm_login.py(test01_login_success:24)] -登录的结果为:
2020-05-21 11:24:28,944 INFO [root] [test_ihrm_login.py(test01_login_success:24)] -登录的结果为:
2020-05-21 11:24:29,017 INFO [root] [test_ihrm_login.py(test01_login_success:24)] -登录的结果为:
2020-05-21 11:24:29,101 INFO [root] [test_ihrm_login.py(test01_login_success:24)] -登录的结果为:
2020-05-21 11:24:29,196 INFO [root] [test_ihrm_login.py(test01_login_success:24)] -登录的结果为:
2020-05-21 11:24:29,273 INFO [root] [test_ihrm_login.py(test01_login_success:24)] -登录的结果为:
2020-05-21 11:24:29,372 INFO [root] [test_ihrm_login.py(test01_login_success:24)] -登录的结果为:
2020-05-21 11:24:29,441 INFO [root] [test_ihrm_login.py(test01_login_success:24)] -登录的结果为:
2020-05-21 11:24:29,508 INFO [root] [test_ihrm_login.py(test01_login_success:24)] -登录的结果为:
2020-05-21 11:24:29,583 INFO [root] [test_ihrm_login.py(test01_login_success:24)] -登录的结果为:
2020-05-21 11:24:29,654 INFO [root] [test_ihrm_employee.py(test01_employee_login:79)] -登录后的信息为:
2020-05-21 11:24:29,733 INFO [root] [test_ihrm_employee.py(test02_employee_add:88)] -添加员工的信息为:
2020-05-21 11:24:29,812 INFO [root] [test_ihrm_employee.py(test03_employee_search:94)] -查询员工后的信息为:
2020-05-21 11:24:29,887 INFO [root] [test_ihrm_employee.py(test04_employee_change:99)] -修改员工的响应数据:
2020-05-21 11:24:29,962 INFO [root] [test_ihrm_employee.py(test05_employee_delete:104)] -删除员工的响应数据:
2020-05-21 11:24:30,041 INFO [root] [test_ihrm_depart.py(test01_login:23)] -登录成功的信息:
2020-05-21 11:24:30,142 INFO [root] [test_ihrm_depart.py(test02_add:31)] -添加部门成功的信息:
2020-05-21 11:24:30,228 INFO [root] [test_ihrm_depart.py(test03_search:36)] -查询部门的信息:
2020-05-21 11:24:30,326 INFO [root] [test_ihrm_depart.py(test04_change:43)] -修改部门的信息:
2020-05-21 11:24:30,401 INFO [root] [test_ihrm_depart.py(test05_delete:48)] -删除部门的信息:
2020-05-21 11:45:05,914 INFO [root] [__init__.py(<module>:8)] -测试日志是否会打印!
2020-05-21 11:45:06,235 INFO [root] [test_ihrm_login.py(test01_login_success:24)] -登录的结果为:
2020-05-21 11:45:06,304 INFO [root] [test_ihrm_login.py(test01_login_success:24)] -登录的结果为:
2020-05-21 11:45:06,372 INFO [root] [test_ihrm_login.py(test01_login_success:24)] -登录的结果为:
2020-05-21 11:45:06,447 INFO [root] [test_ihrm_login.py(test01_login_success:24)] -登录的结果为:
2020-05-21 11:45:06,517 INFO [root] [test_ihrm_login.py(test01_login_success:24)] -登录的结果为:
2020-05-21 11:45:06,595 INFO [root] [test_ihrm_login.py(test01_login_success:24)] -登录的结果为:
2020-05-21 11:45:06,662 INFO [root] [test_ihrm_login.py(test01_login_success:24)] -登录的结果为:
2020-05-21 11:45:06,739 INFO [root] [test_ihrm_login.py(test01_login_success:24)] -登录的结果为:
2020-05-21 11:45:06,813 INFO [root] [test_ihrm_login.py(test01_login_success:24)] -登录的结果为:
2020-05-21 11:45:06,886 INFO [root] [test_ihrm_login.py(test01_login_success:24)] -登录的结果为:
2020-05-21 11:45:06,952 INFO [root] [test_ihrm_login.py(test01_login_success:24)] -登录的结果为:
2020-05-21 11:45:07,031 INFO [root] [test_ihrm_employee.py(test01_employee_login:79)] -登录后的信息为:
2020-05-21 11:45:07,104 INFO [root] [test_ihrm_employee.py(test02_employee_add:88)] -添加员工的信息为:
2020-05-21 11:45:07,173 INFO [root] [test_ihrm_employee.py(test03_employee_search:94)] -查询员工后的信息为:
2020-05-21 11:45:07,245 INFO [root] [test_ihrm_employee.py(test04_employee_change:99)] -修改员工的响应数据:
2020-05-21 11:45:07,314 INFO [root] [test_ihrm_employee.py(test05_employee_delete:104)] -删除员工的响应数据:
2020-05-21 11:45:07,385 INFO [root] [test_ihrm_depart.py(test01_login:23)] -登录成功的信息:
2020-05-21 11:45:07,467 INFO [root] [test_ihrm_depart.py(test02_add:31)] -添加部门成功的信息:
2020-05-21 11:45:07,539 INFO [root] [test_ihrm_depart.py(test03_search:36)] -查询部门的信息:
2020-05-21 11:45:07,619 INFO [root] [test_ihrm_depart.py(test04_change:43)] -修改部门的信息:
2020-05-21 11:45:07,689 INFO [root] [test_ihrm_depart.py(test05_delete:48)] -删除部门的信息:
